<?xml version="1.0" encoding="UTF-8"?>
<!-- Generated by org.testng.reporters.JUnitXMLReporter -->
<testsuite hostname="Amey" ignored="0" name="Default test" tests="4" failures="0" timestamp="2021-12-06T12:09:18 IST" time="61.71" errors="0">
  <testcase name="InvalidSourceAndInvalidDestination" time="5.034" classname="com.testcase.TestSourceAndDestination"/>
  <testcase name="InvalidSourceAndvalidDestination" time="7.806" classname="com.testcase.TestSourceAndDestination"/>
  <testcase name="ValidSourceAndInvalidDestination" time="10.979" classname="com.testcase.TestSourceAndDestination"/>
  <testcase name="validSourceAndvalidDestination" time="16.316" classname="com.testcase.TestSourceAndDestination"/>
</testsuite> <!-- Default test -->
