<?xml version="1.0" encoding="UTF-8"?>
<!-- Generated by org.testng.reporters.JUnitXMLReporter -->
<testsuite hostname="Amey" ignored="0" name="Test" tests="11" failures="0" timestamp="2021-12-06T15:04:30 IST" time="201.864" errors="0">
  <testcase name="validateLoginInvalidNoTest" time="0.83" classname="com.testcase.LoginPageTest"/>
  <testcase name="validateLoginInvalidpassTest" time="6.259" classname="com.testcase.LoginPageTest"/>
  <testcase name="validateLoginTest" time="5.597" classname="com.testcase.LoginPageTest"/>
  <testcase name="InvalidSourceAndInvalidDestination" time="5.095" classname="com.testcase.TestSourceAndDestination"/>
  <testcase name="InvalidSourceAndvalidDestination" time="8.322" classname="com.testcase.TestSourceAndDestination"/>
  <testcase name="ValidSourceAndInvalidDestination" time="11.333" classname="com.testcase.TestSourceAndDestination"/>
  <testcase name="validSourceAndvalidDestination" time="16.219" classname="com.testcase.TestSourceAndDestination"/>
  <testcase name="invalidHotelSrch" time="10.997" classname="com.testcase.HotelSearchTest"/>
  <testcase name="validHotelSrch" time="5.929" classname="com.testcase.HotelSearchTest"/>
  <testcase name="TestBookHotel" time="30.489" classname="com.testcase.BookHotelTest"/>
  <testcase name="TestBookHotel2" time="31.448" classname="com.testcase.BookHotelTest"/>
</testsuite> <!-- Test -->
